<?xml version="1.0" encoding="UTF-8"?>
<!-- Generated by org.testng.reporters.JUnitReportReporter -->
<testsuite skipped="0" hostname="Asus-PC" name="jbk.Selenium.WebTableDemo2" tests="1" failures="0" timestamp="2020-12-20T11:41:39 IST" time="17.992" errors="0">
  <testcase name="addUser" time="17.992" classname="jbk.Selenium.WebTableDemo2"/>
  <system-out/>
</testsuite> <!-- jbk.Selenium.WebTableDemo2 -->
