<?xml version="1.0" encoding="UTF-8"?>
<!-- Generated by org.testng.reporters.JUnitReportReporter -->
<testsuite skipped="0" hostname="Asus-PC" name="co.jbk.excel.JXL_Read" tests="5" failures="0" timestamp="2021-01-03T10:40:27 IST" time="42.375" errors="0">
  <testcase name="test" time="8.971" classname="co.jbk.excel.JXL_Read"/>
  <system-out/>
  <testcase name="test" time="10.163" classname="co.jbk.excel.JXL_Read"/>
  <system-out/>
  <testcase name="test" time="7.684" classname="co.jbk.excel.JXL_Read"/>
  <system-out/>
  <testcase name="test" time="8.165" classname="co.jbk.excel.JXL_Read"/>
  <system-out/>
  <testcase name="test" time="7.392" classname="co.jbk.excel.JXL_Read"/>
  <system-out/>
</testsuite> <!-- co.jbk.excel.JXL_Read -->
