<?xml version="1.0" encoding="UTF-8"?>
<!-- Generated by org.testng.reporters.JUnitReportReporter -->
<testsuite skipped="1" hostname="Asus-PC" name="co.jbk.excel.AddUserwithDP" tests="1" failures="0" timestamp="2021-01-03T11:37:01 IST" time="0.000" errors="0">
  <testcase name="addUser" time="0.000" classname="co.jbk.excel.AddUserwithDP">
    <skipped/>
  </testcase> <!-- addUser -->
  <system-out/>
</testsuite> <!-- co.jbk.excel.AddUserwithDP -->
